[2024-05-21T00:24:16.873Z] Conexão ao banco de dados estabelecida
[2024-05-21T00:24:22.062Z] Conexão ao banco de dados estabelecida
[2024-05-21T00:24:58.368Z] Conexão ao banco de dados estabelecida
[2024-05-21T00:25:20.896Z] Conexão ao banco de dados estabelecida
[2024-05-21T00:25:26.350Z] Conexão ao banco de dados estabelecida
[2024-05-21T00:28:16.792Z] Conexão ao banco de dados estabelecida
[2024-05-21T00:28:19.843Z] GET /listservers 500 373.556 ms - 33
[2024-05-21T00:29:47.194Z] Conexão ao banco de dados estabelecida
[2024-05-21T00:29:51.023Z] GET /listservers 500 367.662 ms - 33
[2024-05-21T00:30:03.592Z] Conexão ao banco de dados estabelecida
[2024-05-21T00:30:07.497Z] GET /listservers 500 920.210 ms - 33
[2024-05-21T00:30:19.002Z] Conexão ao banco de dados estabelecida
[2024-05-21T00:30:23.379Z] GET /listservers 500 387.618 ms - 33
[2024-05-21T00:31:03.952Z] Conexão ao banco de dados estabelecida
[2024-05-21T00:31:07.754Z] GET /listservers 200 692.636 ms - -
[2024-05-21T00:31:17.179Z] Conexão ao banco de dados estabelecida
[2024-05-21T00:31:31.980Z] Conexão ao banco de dados estabelecida
[2024-05-21T00:31:36.068Z] GET /listservers 500 305.347 ms - 33
[2024-05-21T00:31:42.410Z] Conexão ao banco de dados estabelecida
[2024-05-21T00:31:45.857Z] GET /listservers 500 552.247 ms - 33
[2024-05-21T00:32:19.877Z] GET /list 200 576.481 ms - -
[2024-05-21T00:32:40.980Z] Conexão ao banco de dados estabelecida
[2024-05-21T00:32:46.118Z] Conexão ao banco de dados estabelecida
[2024-05-21T00:32:59.945Z] Conexão ao banco de dados estabelecida
[2024-05-21T00:33:03.978Z] GET /list 304 512.671 ms - -
[2024-05-21T00:33:31.876Z] Conexão ao banco de dados estabelecida
[2024-05-21T00:33:41.035Z] GET /listservers 200 716.930 ms - -
[2024-05-21T00:34:42.869Z] Conexão ao banco de dados estabelecida
[2024-05-21T00:34:45.674Z] GET /listservers 200 474.127 ms - -
[2024-05-21T00:35:43.034Z] Conexão ao banco de dados estabelecida
[2024-05-21T00:35:45.023Z] GET /listservers 200 443.630 ms - -
[2024-05-21T13:03:58.806Z] Conexão ao banco de dados estabelecida
[2024-05-21T13:10:33.636Z] Conexão ao banco de dados estabelecida
[2024-05-21T13:10:37.291Z] GET /listservers 200 787.668 ms - -
[2024-05-21T13:36:47.066Z] GET /averages 200 54.716 ms - 87
[2024-05-21T13:36:47.845Z] GET /data?inicio=2024-05-21T03:00:00.000-03:00&fim=2024-05-21T13:36:46.944-03:00&horaAtual=2024-05-21T13:36:46.976-03:00 200 819.096 ms - -
[2024-05-21T13:36:48.333Z] GET /averages 304 1259.402 ms - -
[2024-05-21T13:36:48.334Z] GET /data?inicio=2024-05-21T03:00:00.000-03:00&fim=2024-05-21T13:36:46.944-03:00&horaAtual=2024-05-21T13:36:46.980-03:00 200 1310.555 ms - -
[2024-05-21T13:55:06.409Z] GET /list 200 668.803 ms - -
[2024-05-21T13:55:06.892Z] GET /list 304 535.789 ms - -
[2024-05-21T13:55:09.580Z] GET /specified/14573 200 4.745 ms - 841
[2024-05-21T13:55:24.286Z] GET /averages 200 21.509 ms - 87
[2024-05-21T13:55:24.776Z] GET /data?inicio=2024-05-21T03:00:00.000-03:00&fim=2024-05-21T13:55:24.193-03:00&horaAtual=2024-05-21T13:55:24.229-03:00 200 502.106 ms - -
[2024-05-21T13:55:25.190Z] GET /averages 304 900.073 ms - -
[2024-05-21T13:55:25.191Z] GET /data?inicio=2024-05-21T03:00:00.000-03:00&fim=2024-05-21T13:55:24.193-03:00&horaAtual=2024-05-21T13:55:24.231-03:00 200 921.636 ms - -
[2024-05-21T14:06:54.241Z] GET /listservers 200 435.992 ms - -
[2024-05-21T14:06:54.698Z] GET /listservers 304 453.390 ms - -
[2024-05-21T16:35:24.835Z] Error: read ECONNRESET
[2024-05-21T16:35:24.838Z] GET /listservers 500 13.098 ms - 33
[2024-05-21T16:35:31.756Z] Error: Cannot enqueue Query after fatal error.
[2024-05-21T16:35:31.760Z] GET /listservers 500 3.326 ms - 33
[2024-05-21T16:35:31.770Z] Error: Cannot enqueue Query after fatal error.
[2024-05-21T16:35:31.771Z] GET /listservers 500 2.009 ms - 33
[2024-05-21T16:35:45.827Z] Conexão ao banco de dados estabelecida
[2024-05-21T16:35:51.300Z] GET /listservers 200 411.633 ms - -
[2024-05-21T16:35:51.698Z] GET /listservers 304 395.198 ms - -
[2024-05-21T17:35:36.573Z] GET /listservers 200 2749.039 ms - -
[2024-05-22T12:57:06.783Z] Conexão ao banco de dados estabelecida
[2024-05-22T13:01:55.885Z] Conexão ao banco de dados estabelecida
[2024-05-22T13:02:05.626Z] GET /listservers 200 2230.059 ms - -
[2024-05-22T13:02:06.044Z] GET /listservers 200 2658.787 ms - -
[2024-05-22T13:02:28.767Z] GET /listservers 304 504.223 ms - -
[2024-05-22T13:31:19.938Z] GET /listservers 200 478.396 ms - -
[2024-05-22T13:45:34.625Z] Conexão ao banco de dados estabelecida
[2024-05-22T13:45:37.266Z] GET /listservers 200 441.585 ms - -
[2024-05-22T13:45:51.687Z] Conexão ao banco de dados estabelecida
[2024-05-22T13:45:54.611Z] GET /listservers 500 420.411 ms - 33
[2024-05-22T13:46:28.764Z] Conexão ao banco de dados estabelecida
[2024-05-22T13:46:32.276Z] GET /listservers 500 536.904 ms - 33
[2024-05-22T13:46:41.074Z] Conexão ao banco de dados estabelecida
[2024-05-22T13:46:44.872Z] GET /listservers 200 414.930 ms - -
[2024-05-22T13:46:56.137Z] Conexão ao banco de dados estabelecida
[2024-05-22T13:47:04.823Z] GET /listservers 304 6329.600 ms - -
[2024-05-22T13:47:21.056Z] Conexão ao banco de dados estabelecida
[2024-05-22T13:47:32.485Z] GET /listservers 304 8630.936 ms - -
[2024-05-22T13:47:45.029Z] Conexão ao banco de dados estabelecida
[2024-05-22T13:47:49.436Z] Conexão ao banco de dados estabelecida
[2024-05-22T13:47:53.641Z] GET /listservers 200 11.251 ms - 65
[2024-05-22T13:48:11.470Z] Conexão ao banco de dados estabelecida
[2024-05-22T13:48:15.054Z] Conexão ao banco de dados estabelecida
[2024-05-22T13:48:18.124Z] Conexão ao banco de dados estabelecida
[2024-05-22T13:48:20.454Z] GET /listservers 200 10.550 ms - 83
[2024-05-22T13:48:27.994Z] Conexão ao banco de dados estabelecida
[2024-05-22T13:48:30.560Z] GET /listservers 500 396.995 ms - 33
[2024-05-22T13:48:38.286Z] Conexão ao banco de dados estabelecida
[2024-05-22T13:48:40.750Z] GET /listservers 200 389.743 ms - -
[2024-05-22T13:48:51.010Z] GET /listservers 304 558.707 ms - -
[2024-05-22T13:48:51.468Z] GET /listservers 304 447.683 ms - -
[2024-05-22T17:06:44.163Z] Conexão ao banco de dados estabelecida
[2024-05-22T17:07:36.348Z] GET /averages 200 66.383 ms - 87
[2024-05-22T17:07:37.060Z] GET /data?inicio=2024-05-22T03:00:00.000-03:00&fim=2024-05-22T17:07:36.188-03:00&horaAtual=2024-05-22T17:07:36.239-03:00 200 729.809 ms - -
[2024-05-22T17:07:37.471Z] GET /averages 304 1088.612 ms - -
[2024-05-22T17:07:37.473Z] GET /data?inicio=2024-05-22T03:00:00.000-03:00&fim=2024-05-22T17:07:36.188-03:00&horaAtual=2024-05-22T17:07:36.244-03:00 200 1176.618 ms - -
[2024-05-22T17:07:41.637Z] GET /listservers 200 498.572 ms - -
[2024-05-22T17:07:42.105Z] GET /listservers 304 460.777 ms - -
[2024-05-22T23:28:01.148Z] Conexão ao banco de dados estabelecida
[2024-05-22T23:31:35.705Z] GET /averages 200 57.582 ms - 86
[2024-05-22T23:31:36.296Z] GET /data?inicio=2024-05-22T03:00:00.000-03:00&fim=2024-05-22T23:31:35.577-03:00&horaAtual=2024-05-22T23:31:35.616-03:00 200 636.167 ms - -
[2024-05-22T23:31:36.791Z] GET /averages 304 1062.733 ms - -
[2024-05-22T23:31:36.794Z] GET /data?inicio=2024-05-22T03:00:00.000-03:00&fim=2024-05-22T23:31:35.577-03:00&horaAtual=2024-05-22T23:31:35.620-03:00 200 1133.944 ms - -
[2024-05-22T23:32:40.661Z] GET /listservers 200 593.926 ms - -
[2024-05-22T23:32:41.141Z] GET /listservers 200 1077.574 ms - -
[2024-05-22T23:33:32.431Z] GET /listservers 200 588.762 ms - -
[2024-05-22T23:33:32.899Z] GET /listservers 200 1099.923 ms - -
[2024-05-22T23:36:48.565Z] GET /listservers 304 498.702 ms - -
[2024-05-22T23:37:00.146Z] GET /listservers 304 510.893 ms - -
[2024-05-22T23:37:48.343Z] GET /listservers 304 466.574 ms - -
[2024-05-22T23:38:44.543Z] GET /listservers 304 506.957 ms - -
[2024-05-22T23:40:41.820Z] GET /listservers 200 477.575 ms - -
[2024-05-22T23:41:07.516Z] GET /listservers 304 475.948 ms - -
[2024-05-22T23:41:10.653Z] GET /listservers 304 562.148 ms - -
[2024-05-22T23:41:25.892Z] GET /listservers 304 486.694 ms - -
[2024-05-22T23:43:26.149Z] GET /listservers 304 510.092 ms - -
[2024-05-22T23:43:54.999Z] GET /listservers 304 539.219 ms - -
[2024-05-22T23:43:55.538Z] GET /listservers 304 533.910 ms - -
[2024-05-22T23:44:16.181Z] GET /listservers 304 495.715 ms - -
[2024-05-22T23:44:34.935Z] GET /listservers 304 600.651 ms - -
[2024-05-22T23:45:18.655Z] GET /listservers 304 526.596 ms - -
[2024-05-22T23:45:26.809Z] GET /listservers 304 520.249 ms - -
[2024-05-22T23:45:31.077Z] GET /listservers 304 516.192 ms - -
[2024-05-22T23:47:28.061Z] GET /listservers 304 680.331 ms - -
[2024-05-22T23:47:28.611Z] GET /listservers 304 535.212 ms - -
[2024-05-22T23:47:45.491Z] GET /listservers 304 602.732 ms - -
[2024-05-22T23:47:51.287Z] GET /listservers 304 510.834 ms - -
[2024-05-22T23:48:30.682Z] GET /listservers 304 546.227 ms - -
[2024-05-22T23:48:56.261Z] GET /listservers 304 482.239 ms - -
[2024-05-22T23:49:17.550Z] GET /listservers 304 496.944 ms - -
[2024-05-22T23:50:55.987Z] GET /list 200 480.113 ms - -
[2024-05-22T23:51:52.903Z] GET /averages 200 68.828 ms - 88
[2024-05-22T23:51:53.462Z] GET /data?inicio=2024-05-22T03:00:00.000-03:00&fim=2024-05-22T23:51:52.757-03:00&horaAtual=2024-05-22T23:51:52.812-03:00 200 590.724 ms - -
[2024-05-22T23:51:53.871Z] GET /averages 304 939.421 ms - -
[2024-05-22T23:51:53.874Z] GET /data?inicio=2024-05-22T03:00:00.000-03:00&fim=2024-05-22T23:51:52.757-03:00&horaAtual=2024-05-22T23:51:52.806-03:00 200 1020.265 ms - -
[2024-05-22T23:52:03.913Z] GET /data?inicio=2024-05-21T03:00:00.000-03:00&fim=2024-05-22T23:51:52.757-03:00&horaAtual=2024-05-22T23:52:03.431-03:00 200 471.876 ms - -
[2024-05-22T23:52:05.499Z] GET /data?inicio=2024-05-21T03:00:00.000-03:00&fim=2024-05-21T23:51:52.000-03:00&horaAtual=2024-05-22T23:52:05.012-03:00 200 478.832 ms - -
[2024-05-22T23:52:17.362Z] GET /data?inicio=2024-05-21T03:00:00.000-03:00&fim=2024-05-21T23:51:52.000-03:00&horaAtual=2024-05-22T23:52:16.843-03:00 200 497.753 ms - -
[2024-05-22T23:53:13.600Z] GET /data?inicio=2024-05-21T03:00:00.000-03:00&fim=2024-05-21T23:51:52.000-03:00&horaAtual=2024-05-22T23:53:13.032-03:00 200 550.375 ms - -
[2024-05-22T23:53:16.008Z] GET /data?inicio=2024-05-21T03:00:00.000-03:00&fim=2024-05-21T23:51:52.000-03:00&horaAtual=2024-05-22T23:53:15.500-03:00 200 493.305 ms - -
[2024-05-22T23:53:17.460Z] GET /data?inicio=2024-05-21T03:00:00.000-03:00&fim=2024-05-21T23:51:52.000-03:00&horaAtual=2024-05-22T23:53:16.996-03:00 200 456.360 ms - -
[2024-05-22T23:53:21.561Z] GET /data?inicio=2024-05-20T03:00:00.000-03:00&fim=2024-05-21T23:51:52.000-03:00&horaAtual=2024-05-22T23:53:21.011-03:00 200 542.202 ms - -
[2024-05-22T23:53:29.661Z] GET /data?inicio=2024-05-20T03:00:00.000-03:00&fim=2024-05-21T23:51:52.000-03:00&horaAtual=2024-05-22T23:53:29.116-03:00 200 536.839 ms - -
[2024-05-22T23:55:49.921Z] Conexão ao banco de dados estabelecida
[2024-05-22T23:56:00.864Z] GET /listservers 400 3.032 ms - 63
[2024-05-22T23:56:46.771Z] Conexão ao banco de dados estabelecida
[2024-05-22T23:57:05.835Z] Conexão ao banco de dados estabelecida
[2024-05-22T23:58:14.596Z] GET /averages 304 60.115 ms - -
[2024-05-22T23:58:15.097Z] GET /data?inicio=2024-05-22T03:00:00.000-03:00&fim=2024-05-22T23:58:14.462-03:00&horaAtual=2024-05-22T23:58:14.514-03:00 200 529.466 ms - -
[2024-05-22T23:58:15.438Z] GET /averages 304 837.475 ms - -
[2024-05-22T23:58:15.440Z] GET /data?inicio=2024-05-22T03:00:00.000-03:00&fim=2024-05-22T23:58:14.462-03:00&horaAtual=2024-05-22T23:58:14.520-03:00 200 889.389 ms - -
[2024-05-22T23:58:35.037Z] GET /listserrvers?inicio=2024-05-22T03:00:00.000-03:00&fim=2024-05-22T23:58:14.462-03:00&horaAtual=2024-05-22T23:58:14.514-03:00 404 7.257 ms - 151
[2024-05-22T23:58:43.106Z] GET /listservers?inicio=2024-05-22T03:00:00.000-03:00&fim=2024-05-22T23:58:14.462-03:00&horaAtual=2024-05-22T23:58:14.514-03:00 400 1.204 ms - 63
[2024-05-22T23:59:23.152Z] Conexão ao banco de dados estabelecida
[2024-05-22T23:59:59.503Z] Conexão ao banco de dados estabelecida
[2024-05-23T00:00:16.912Z] Conexão ao banco de dados estabelecida
[2024-05-23T00:00:56.362Z] Conexão ao banco de dados estabelecida
[2024-05-23T00:01:00.932Z] GET /listservers?dataInicio=2024-05-22T03:00:00.000-03:00&dataFim=2024-05-22T23:58:14.462-03:00 200 165.587 ms - 2
[2024-05-23T00:02:31.085Z] GET /listservers?dataInicio=2024-05-22T&dataFim=2024-05-22T 500 5.882 ms - 33
[2024-05-23T00:02:44.753Z] GET /listservers?dataInicio=2024-05-22T03:00:00.000-03:00&dataFim=2024-05-22T23:58:14.462-03:00 304 76.046 ms - -
[2024-05-23T00:04:40.554Z] Conexão ao banco de dados estabelecida
[2024-05-23T00:04:44.255Z] GET /listservers?dataInicio=2024-05-22T03:00:00.000-03:00&dataFim=2024-05-22T23:58:14.462-03:00 500 429.438 ms - 33
[2024-05-23T00:06:11.532Z] Conexão ao banco de dados estabelecida
[2024-05-23T00:06:14.945Z] GET /listservers?dataInicio=2024-05-22T03:00:00.000-03:00&dataFim=2024-05-22T23:58:14.462-03:00 200 974.165 ms - -
[2024-05-23T00:07:03.827Z] Conexão ao banco de dados estabelecida
[2024-05-23T00:07:06.662Z] GET /listservers?dataInicio=2024-05-22T03:00:00.000-03:00&dataFim=2024-05-22T23:58:14.462-03:00 200 556.923 ms - -
[2024-05-23T00:08:10.353Z] GET /data?inicio=2024-05-21T03:00:00.000-03:00&fim=2024-05-21T23:51:52.000-03:00&horaAtual=2024-05-23T00:08:09.195-03:00 200 1135.765 ms - -
[2024-05-23T00:08:12.128Z] GET /data?inicio=2024-05-21T03:00:00.000-03:00&fim=2024-05-21T23:51:52.000-03:00&horaAtual=2024-05-23T00:08:11.381-03:00 200 734.305 ms - -
[2024-05-23T00:08:44.605Z] GET /listservers?dataInicio=2024-05-21T03:00:00.000-03:00&dataFim=2024-05-21T23:58:14.462-03:00 200 571.357 ms - -
[2024-05-23T00:09:03.381Z] GET /listservers 400 1.935 ms - 63
[2024-05-23T00:09:03.393Z] GET /listservers 400 0.853 ms - 63
[2024-05-23T00:09:13.175Z] GET /listservers 400 0.624 ms - 63
[2024-05-23T00:09:13.196Z] GET /listservers 400 0.873 ms - 63
[2024-05-23T00:10:05.432Z] GET /averages 200 92.096 ms - 72
[2024-05-23T00:10:05.537Z] GET /averages 304 94.976 ms - -
[2024-05-23T00:10:20.116Z] GET /data?inicio=2024-05-22T03:00:00.000-03:00&fim=2024-05-23T00:10:05.267-03:00&horaAtual=2024-05-23T00:10:19.452-03:00 200 646.347 ms - -
[2024-05-23T00:10:25.893Z] GET /listservers 400 0.567 ms - 63
[2024-05-23T00:10:25.905Z] GET /listservers 400 1.286 ms - 63
[2024-05-23T00:13:42.919Z] GET /data?inicio=2024-05-23T00:13:42.125Z&fim=2024-05-23T00:13:42.125Z 200 705.211 ms - -
[2024-05-23T00:13:43.511Z] GET /data?inicio=2024-05-23T00:13:42.125Z&fim=2024-05-23T00:13:42.125Z 304 574.851 ms - -
[2024-05-23T00:13:59.437Z] GET /data?inicio=2024-05-23T00:13:58.517Z&fim=2024-05-23T00:13:58.517Z 200 829.603 ms - -
[2024-05-23T00:13:59.935Z] GET /data?inicio=2024-05-23T00:13:58.517Z&fim=2024-05-23T00:13:58.517Z 200 1303.667 ms - -
[2024-05-23T00:14:11.631Z] GET /listservers?inicio=2024-05-23T00:13:58.517Z&fim=2024-05-23T00:13:58.517Z 400 0.536 ms - 63
[2024-05-23T00:14:13.949Z] GET /listservers?inicio=2024-05-23T00:14:13.887Z&fim=2024-05-23T00:14:13.887Z 400 0.461 ms - 63
[2024-05-23T00:14:14.061Z] GET /listservers?inicio=2024-05-23T00:14:13.887Z&fim=2024-05-23T00:14:13.887Z 400 0.561 ms - 63
[2024-05-23T00:14:26.305Z] GET /listservers?dataInicio=2024-05-23T00:14:13.887Z&dataFim=2024-05-23T00:14:13.887Z 200 553.734 ms - -
[2024-05-23T00:14:28.802Z] GET /listservers?dataInicio=2024-05-23T00:14:28.038Z&dataFim=2024-05-23T00:14:28.038Z 200 726.882 ms - -
[2024-05-23T00:14:29.347Z] GET /listservers?dataInicio=2024-05-23T00:14:28.038Z&dataFim=2024-05-23T00:14:28.038Z 304 520.073 ms - -
[2024-05-23T00:14:41.467Z] GET /listservers?dataInicio=2024-05-23T00:14:40.621Z&dataFim=2024-05-23T00:14:40.621Z 200 697.414 ms - -
[2024-05-23T00:14:41.906Z] GET /listservers?dataInicio=2024-05-23T00:14:40.621Z&dataFim=2024-05-23T00:14:40.621Z 200 1179.890 ms - -
[2024-05-23T00:14:58.878Z] GET /listservers?dataInicio=2024-05-22T00:14:40.000Z&dataFim=2024-05-23T00:14:40.621Z 200 566.613 ms - -
[2024-05-23T00:28:25.776Z] GET /listservers?dataInicio=2024-05-22T00:14:40.000Z&dataFim=2024-05-22T00:14:40.000Z 200 641.504 ms - -
[2024-05-23T00:28:28.946Z] GET /listservers?dataInicio=2024-05-22T00:14:40.000Z&dataFim=2024-05-23T00:14:40.000Z 200 503.258 ms - -
[2024-05-23T00:28:38.138Z] GET /listservers?dataInicio=2024-05-22T00:14:40.000Z&dataFim=2024-05-22T00:14:40.000Z 304 546.598 ms - -
[2024-05-23T00:29:24.345Z] GET /listservers?dataInicio=2024-05-22T00:14:40.000Z&dataFim=2024-05-23T00:14:40.000Z 304 675.983 ms - -
[2024-05-23T00:29:53.147Z] GET /listservers?dataInicio=2024-05-22T00:14:40.000Z&dataFim=2024-05-22T00:14:40.000Z 304 487.363 ms - -
[2024-05-23T00:30:24.126Z] GET /averages 200 35.917 ms - 82
[2024-05-23T00:30:24.648Z] GET /data?inicio=2024-05-22T03:00:00.000-03:00&fim=2024-05-23T00:30:24.028-03:00&horaAtual=2024-05-23T00:30:24.080-03:00 200 542.387 ms - -
[2024-05-23T00:30:25.101Z] GET /averages 304 947.576 ms - -
[2024-05-23T00:30:25.103Z] GET /data?inicio=2024-05-22T03:00:00.000-03:00&fim=2024-05-23T00:30:24.028-03:00&horaAtual=2024-05-23T00:30:24.094-03:00 200 991.328 ms - -
[2024-05-23T00:30:46.241Z] GET /data?inicio=2024-05-22T03:00:00.000-03:00&fim=2024-05-23T00:30:24.028-03:00&horaAtual=2024-05-23T00:30:45.623-03:00 200 601.116 ms - -
[2024-05-23T00:33:39.643Z] GET /listservers?inicio=2024-05-22T03:00:00.000-03:00&fim=2024-05-23T00:33:39.624-03:00&horaAtual=2024-05-23T00:33:39.627-03:00 400 1.257 ms - 63
[2024-05-23T00:33:39.646Z] GET /listservers?inicio=2024-05-22T03:00:00.000-03:00&fim=2024-05-23T00:33:39.624-03:00&horaAtual=2024-05-23T00:33:39.630-03:00 400 0.522 ms - 63
[2024-05-23T00:33:57.360Z] GET /listservers?inicio=2024-05-22T03:00:00.000-03:00&fim=2024-05-23T00:33:39.624-03:00&horaAtual=2024-05-23T00:33:57.349-03:00 400 0.281 ms - 63
[2024-05-23T00:34:15.135Z] GET /listservers?dataInicio=2024-05-22T03:00:00.000-03:00&dataFim=2024-05-23T00:33:39.624-03:00&horaAtual=2024-05-23T00:34:14.540-03:00 200 541.207 ms - -
[2024-05-23T00:34:22.266Z] GET /listservers?dataInicio=2024-05-21T03:00:00.000-03:00&dataFim=2024-05-23T00:33:39.624-03:00&horaAtual=2024-05-23T00:34:21.747-03:00 200 508.814 ms - -
[2024-05-23T00:34:29.925Z] GET /listservers?dataInicio=2024-05-21T03:00:00.000-03:00&dataFim=2024-05-23T00:33:39.624-03:00&horaAtual=2024-05-23T00:34:29.345-03:00 200 565.109 ms - -
[2024-05-23T00:36:07.689Z] GET /listservers?dataInicio=2024-05-21T03:00:00.000-03:00&dataFim=2024-05-23T00:33:39.624-03:00&horaAtual=2024-05-23T00:36:07.189-03:00 200 484.710 ms - -
[2024-05-23T00:36:14.037Z] GET /listservers?dataInicio=2024-05-21T03:00:00.000-03:00&dataFim=2024-05-23T00:33:39.624-03:00&horaAtual=2024-05-23T00:36:13.469-03:00 200 559.934 ms - -
[2024-05-23T00:36:55.634Z] GET /listservers?dataInicio=2024-05-21T03:00:00.000-03:00&dataFim=2024-05-23T00:33:39.624-03:00&horaAtual=2024-05-23T00:36:55.059-03:00 200 556.747 ms - -
[2024-05-23T00:37:15.030Z] GET /listservers?dataInicio=2024-05-22T03:00:00.000-03:00&dataFim=2024-05-23T00:33:39.624-03:00&horaAtual=2024-05-23T00:37:14.496-03:00 200 518.774 ms - -
[2024-05-23T00:37:17.275Z] GET /listservers?dataInicio=2024-05-22T03:00:00.000-03:00&dataFim=2024-05-23T00:33:39.000-03:00&horaAtual=2024-05-23T00:37:16.737-03:00 200 529.146 ms - -
[2024-05-23T00:37:24.881Z] GET /listservers?dataInicio=2024-05-22T03:00:00.000-03:00&dataFim=2024-05-23T00:33:39.000-03:00&horaAtual=2024-05-23T00:37:24.333-03:00 200 538.416 ms - -
[2024-05-23T00:37:36.105Z] GET /listservers?dataInicio=2024-05-22T03:00:00.000-03:00&dataFim=2024-05-22T00:33:39.000-03:00&horaAtual=2024-05-23T00:37:35.563-03:00 200 529.540 ms - -
[2024-05-23T00:37:40.545Z] GET /listservers?dataInicio=2024-05-21T03:00:00.000-03:00&dataFim=2024-05-22T00:33:39.000-03:00&horaAtual=2024-05-23T00:37:39.987-03:00 200 550.650 ms - -
[2024-05-23T00:37:43.196Z] GET /listservers?dataInicio=2024-05-21T03:00:00.000-03:00&dataFim=2024-05-23T00:33:39.000-03:00&horaAtual=2024-05-23T00:37:42.681-03:00 200 506.132 ms - -
[2024-05-23T00:38:15.964Z] GET /listservers?dataInicio=2024-05-21T03:00:00.000-03:00&dataFim=2024-05-23T00:33:39.000-03:00&horaAtual=2024-05-23T00:38:15.416-03:00 200 533.082 ms - -
[2024-05-23T00:38:59.648Z] GET /listservers?dataInicio=2024-05-21T03:00:00.000-03:00&dataFim=2024-05-23T00:33:39.000-03:00&horaAtual=2024-05-23T00:38:59.132-03:00 200 499.916 ms - -
[2024-05-23T00:39:06.097Z] GET /listservers?dataInicio=2024-05-21T03:00:00.000-03:00&dataFim=2024-05-23T00:33:39.000-03:00&horaAtual=2024-05-23T00:39:05.508-03:00 200 575.791 ms - -
[2024-05-23T00:39:13.414Z] GET /listservers?dataInicio=2024-05-22T03:00:00.000-03:00&dataFim=2024-05-23T00:33:39.000-03:00&horaAtual=2024-05-23T00:39:12.877-03:00 200 528.623 ms - -
[2024-05-23T00:39:36.078Z] GET /averages 200 22.448 ms - 75
[2024-05-23T00:39:36.649Z] GET /data?inicio=2024-05-22T03:00:00.000-03:00&fim=2024-05-23T00:39:36.010-03:00&horaAtual=2024-05-23T00:39:36.048-03:00 200 578.399 ms - -
[2024-05-23T00:39:37.056Z] GET /averages 304 967.352 ms - -
[2024-05-23T00:39:37.058Z] GET /data?inicio=2024-05-22T03:00:00.000-03:00&fim=2024-05-23T00:39:36.010-03:00&horaAtual=2024-05-23T00:39:36.057-03:00 200 991.626 ms - -
[2024-05-23T00:41:39.549Z] GET /listservers?dataInicio=2024-05-22T03:00:00.000-03:00&dataFim=2024-05-24T00:33:39.000-03:00&horaAtual=2024-05-23T00:41:38.888-03:00 200 646.689 ms - -
[2024-05-23T00:42:00.219Z] GET /listservers?dataInicio=2024-05-22T03:00:00.000-03:00&dataFim=2024-05-23T00:33:39.000-03:00&horaAtual=2024-05-23T00:41:58.517-03:00 200 1689.832 ms - -
[2024-05-23T00:42:06.653Z] GET /listservers?dataInicio=2024-05-22T03:00:00.000-03:00&dataFim=2024-05-24T00:33:39.000-03:00&horaAtual=2024-05-23T00:42:05.964-03:00 200 680.911 ms - -
[2024-05-23T00:42:08.517Z] GET /listservers?dataInicio=2024-05-22T03:00:00.000-03:00&dataFim=2024-05-24T00:33:39.000-03:00&horaAtual=2024-05-23T00:42:07.888-03:00 200 622.825 ms - -
[2024-05-23T00:42:37.402Z] GET /listservers?dataInicio=2024-05-22T03:00:00.000-03:00&dataFim=2024-05-23T00:42:36.564-03:00&horaAtual=2024-05-23T00:42:36.570-03:00 200 760.582 ms - -
[2024-05-23T00:42:37.848Z] GET /listservers?dataInicio=2024-05-22T03:00:00.000-03:00&dataFim=2024-05-23T00:42:36.564-03:00&horaAtual=2024-05-23T00:42:36.575-03:00 200 1224.806 ms - -
[2024-05-23T00:44:26.936Z] GET /listservers?dataInicio=2024-05-22T03:00:00.000-03:00&dataFim=2024-05-23T00:42:36.000-03:00&horaAtual=2024-05-23T00:44:26.232-03:00 200 686.964 ms - -
[2024-05-23T00:45:03.650Z] GET /listservers?dataInicio=2024-05-22T03:00:00.000-03:00&dataFim=2024-05-23T00:42:36.000-03:00&horaAtual=2024-05-23T00:45:03.112-03:00 200 523.456 ms - -
[2024-05-23T00:45:17.907Z] GET /listservers?dataInicio=2024-05-22T03:00:00.000-03:00&dataFim=2024-05-23T00:42:36.000-03:00&horaAtual=2024-05-23T00:45:17.289-03:00 200 599.621 ms - -
[2024-05-23T00:45:21.362Z] GET /listservers?dataInicio=2024-05-22T03:00:00.000-03:00&dataFim=2024-05-23T00:42:36.000-03:00&horaAtual=2024-05-23T00:45:20.666-03:00 200 682.871 ms - -
[2024-05-23T00:45:22.122Z] GET /listservers?dataInicio=2024-05-22T03:00:00.000-03:00&dataFim=2024-05-23T00:42:36.000-03:00&horaAtual=2024-05-23T00:45:21.580-03:00 200 532.215 ms - -
[2024-05-23T00:45:24.644Z] GET /listservers?dataInicio=2024-05-22T03:00:00.000-03:00&dataFim=2024-05-23T00:42:36.000-03:00&horaAtual=2024-05-23T00:45:24.088-03:00 200 543.553 ms - -
[2024-05-23T00:45:29.120Z] GET /listservers?dataInicio=2024-05-20T03:00:00.000-03:00&dataFim=2024-05-23T00:42:36.000-03:00&horaAtual=2024-05-23T00:45:28.580-03:00 200 531.248 ms - -
[2024-05-23T00:45:51.328Z] GET /listservers?dataInicio=2024-05-22T03:00:00.000-03:00&dataFim=2024-05-23T00:42:36.000-03:00&horaAtual=2024-05-23T00:45:50.771-03:00 200 542.573 ms - -
[2024-05-23T00:46:48.791Z] GET /listservers?dataInicio=2024-05-22T03:00:00.000-03:00&dataFim=2024-05-23T00:42:36.000-03:00&horaAtual=2024-05-23T00:46:48.249-03:00 200 518.378 ms - -
[2024-05-23T00:46:59.630Z] GET /listservers?dataInicio=2024-05-22T03:00:00.000-03:00&dataFim=2024-05-23T00:42:36.000-03:00&horaAtual=2024-05-23T00:46:59.021-03:00 200 598.403 ms - -
[2024-05-23T00:47:13.582Z] GET /listservers?dataInicio=2024-05-22T03:00:00.000-03:00&dataFim=2024-05-23T00:47:12.241-03:00&horaAtual=2024-05-23T00:47:12.246-03:00 200 1296.644 ms - -
[2024-05-23T00:47:14.139Z] GET /listservers?dataInicio=2024-05-22T03:00:00.000-03:00&dataFim=2024-05-23T00:47:12.241-03:00&horaAtual=2024-05-23T00:47:12.249-03:00 200 1854.246 ms - -
[2024-05-23T00:47:22.332Z] GET /listservers?dataInicio=2024-05-22T03:00:00.000-03:00&dataFim=2024-05-23T00:47:21.569-03:00&horaAtual=2024-05-23T00:47:21.577-03:00 200 709.822 ms - -
[2024-05-23T00:47:22.927Z] GET /listservers?dataInicio=2024-05-22T03:00:00.000-03:00&dataFim=2024-05-23T00:47:21.569-03:00&horaAtual=2024-05-23T00:47:21.585-03:00 200 1288.717 ms - -
[2024-05-23T00:48:29.718Z] GET /listservers?dataInicio=2024-05-22T03:00:00.000-03:00&dataFim=2024-05-23T00:47:21.569-03:00&horaAtual=2024-05-23T00:48:29.121-03:00 200 582.210 ms - -
[2024-05-23T00:48:36.560Z] GET /listservers?dataInicio=2024-05-22T03:00:00.000-03:00&dataFim=2024-05-23T00:48:35.869-03:00&horaAtual=2024-05-23T00:48:35.878-03:00 200 655.313 ms - -
[2024-05-23T00:48:37.112Z] GET /listservers?dataInicio=2024-05-22T03:00:00.000-03:00&dataFim=2024-05-23T00:48:35.869-03:00&horaAtual=2024-05-23T00:48:35.881-03:00 200 1213.001 ms - -
[2024-05-23T00:49:35.964Z] GET /listservers?dataInicio=2024-05-22T03:00:00.000-03:00&dataFim=2024-05-23T00:48:35.869-03:00&horaAtual=2024-05-23T00:49:35.377-03:00 200 566.733 ms - -
[2024-05-23T00:49:39.467Z] GET /listservers?dataInicio=2024-05-22T03:00:00.000-03:00&dataFim=2024-05-23T00:48:35.869-03:00&horaAtual=2024-05-23T00:49:38.942-03:00 200 513.136 ms - -
[2024-05-23T00:49:42.335Z] GET /listservers?dataInicio=2024-05-22T03:00:00.000-03:00&dataFim=2024-05-23T00:49:41.681-03:00&horaAtual=2024-05-23T00:49:41.701-03:00 200 610.590 ms - -
[2024-05-23T00:49:42.745Z] GET /listservers?dataInicio=2024-05-22T03:00:00.000-03:00&dataFim=2024-05-23T00:49:41.681-03:00&horaAtual=2024-05-23T00:49:41.708-03:00 200 1017.382 ms - -
[2024-05-23T00:49:59.659Z] GET /listservers?dataInicio=2024-05-22T03:00:00.000-03:00&dataFim=2024-05-23T00:49:41.681-03:00&horaAtual=2024-05-23T00:49:59.119-03:00 200 514.071 ms - -
[2024-05-23T00:50:27.177Z] GET /listservers?dataInicio=2024-05-22T03:00:00.000-03:00&dataFim=2024-05-23T00:49:41.681-03:00&horaAtual=2024-05-23T00:50:26.048-03:00 200 1119.529 ms - -
[2024-05-23T00:50:57.163Z] GET /listservers?dataInicio=2024-05-22T03:00:00.000-03:00&dataFim=2024-05-23T00:49:41.681-03:00&horaAtual=2024-05-23T00:50:56.409-03:00 200 737.697 ms - -
[2024-05-23T00:51:02.734Z] GET /listservers?dataInicio=2024-05-22T03:00:00.000-03:00&dataFim=2024-05-23T00:49:41.681-03:00&horaAtual=2024-05-23T00:51:02.024-03:00 200 702.138 ms - -
[2024-05-23T00:52:40.402Z] GET /listservers?dataInicio=2024-05-22T03:00:00.000-03:00&dataFim=2024-05-23T00:49:41.681-03:00&horaAtual=2024-05-23T00:52:39.829-03:00 200 560.645 ms - -
[2024-05-23T00:53:01.053Z] GET /listservers?dataInicio=2024-05-22T03:00:00.000-03:00&dataFim=2024-05-24T00:49:41.000-03:00&horaAtual=2024-05-23T00:53:00.389-03:00 200 647.289 ms - -
[2024-05-23T00:53:02.972Z] GET /listservers?dataInicio=2024-05-23T03:00:00.000-03:00&dataFim=2024-05-24T00:49:41.000-03:00&horaAtual=2024-05-23T00:53:02.428-03:00 200 534.986 ms - 2
[2024-05-23T00:53:05.567Z] GET /listservers?dataInicio=2024-05-22T03:00:00.000-03:00&dataFim=2024-05-24T00:49:41.000-03:00&horaAtual=2024-05-23T00:53:05.022-03:00 200 537.387 ms - -
[2024-05-23T00:53:08.590Z] GET /listservers?dataInicio=2024-05-22T03:00:00.000-03:00&dataFim=2024-05-23T00:49:41.000-03:00&horaAtual=2024-05-23T00:53:08.015-03:00 200 566.862 ms - -
[2024-05-23T00:54:09.450Z] GET /listservers?dataInicio=2024-05-22T03:00:00.000-03:00&dataFim=2024-05-23T00:49:41.000-03:00&horaAtual=2024-05-23T00:54:08.914-03:00 200 519.078 ms - -
[2024-05-23T00:58:23.785Z] GET /listservers?dataInicio=2024-05-21T03:00:00.000-03:00&dataFim=2024-05-23T00:49:41.000-03:00&horaAtual=2024-05-23T00:58:23.136-03:00 200 631.725 ms - -
[2024-05-23T00:58:24.856Z] GET /listservers?dataInicio=2024-05-21T03:00:00.000-03:00&dataFim=2024-05-22T00:49:41.000-03:00&horaAtual=2024-05-23T00:58:24.388-03:00 200 460.728 ms - -
[2024-05-23T00:58:50.246Z] GET /listservers?dataInicio=2024-05-21T03:00:00.000-03:00&dataFim=2024-05-22T00:49:41.000-03:00&horaAtual=2024-05-23T00:58:49.321-03:00 200 909.708 ms - -
[2024-05-23T00:59:21.128Z] GET /data?inicio=2024-05-22T03:00:00.000-03:00&fim=2024-05-23T00:39:36.010-03:00&horaAtual=2024-05-23T00:59:20.466-03:00 200 651.712 ms - -
[2024-05-23T00:59:35.840Z] GET /data?inicio=2024-05-22T03:00:00.000-03:00&fim=2024-05-23T00:39:36.010-03:00&horaAtual=2024-05-23T00:59:35.110-03:00 200 720.932 ms - -
[2024-05-23T00:59:40.223Z] GET /data?inicio=2024-05-22T03:00:00.000-03:00&fim=2024-05-23T00:39:36.010-03:00&horaAtual=2024-05-23T00:59:39.556-03:00 200 652.749 ms - -
[2024-05-23T01:00:06.930Z] GET /data?inicio=2024-05-22T03:00:00.000-03:00&fim=2024-05-23T00:39:36.010-03:00&horaAtual=2024-05-23T01:00:05.017-03:00 200 1901.715 ms - -
[2024-05-23T01:38:44.685Z] GET /listservers?dataInicio=2024-05-22T03:00:00.000-03:00&dataFim=2024-05-23T01:38:43.698-03:00&horaAtual=2024-05-23T01:38:43.708-03:00 200 930.398 ms - -
[2024-05-23T01:38:45.214Z] GET /listservers?dataInicio=2024-05-22T03:00:00.000-03:00&dataFim=2024-05-23T01:38:43.698-03:00&horaAtual=2024-05-23T01:38:43.712-03:00 200 1461.235 ms - -
[2024-05-23T01:38:52.990Z] GET /list 200 668.423 ms - -
[2024-05-23T01:38:53.556Z] GET /list 304 600.548 ms - -
[2024-05-23T01:39:00.876Z] GET /allresults 200 887.829 ms - -
[2024-05-23T01:53:55.007Z] GET /averages 200 28.291 ms - 82
[2024-05-23T01:53:55.557Z] GET /data?inicio=2024-05-22T03:00:00.000-03:00&fim=2024-05-23T01:53:54.918-03:00&horaAtual=2024-05-23T01:53:54.937-03:00 200 570.823 ms - -
[2024-05-23T01:53:56.012Z] GET /averages 304 993.029 ms - -
[2024-05-23T01:53:56.013Z] GET /data?inicio=2024-05-22T03:00:00.000-03:00&fim=2024-05-23T01:53:54.918-03:00&horaAtual=2024-05-23T01:53:54.940-03:00 200 1028.408 ms - -
[2024-05-23T01:53:58.509Z] GET /data?inicio=2024-05-21T03:00:00.000-03:00&fim=2024-05-23T01:53:54.918-03:00&horaAtual=2024-05-23T01:53:57.989-03:00 200 512.501 ms - -
[2024-05-23T01:54:00.958Z] GET /data?inicio=2024-05-21T03:00:00.000-03:00&fim=2024-05-22T01:53:54.000-03:00&horaAtual=2024-05-23T01:54:00.402-03:00 200 548.824 ms - -
[2024-05-23T01:54:08.708Z] GET /data?inicio=2024-05-21T03:00:00.000-03:00&fim=2024-05-22T01:53:54.000-03:00&horaAtual=2024-05-23T01:54:08.196-03:00 200 503.448 ms - -
[2024-05-23T01:54:12.318Z] GET /data?inicio=2024-05-20T03:00:00.000-03:00&fim=2024-05-22T01:53:54.000-03:00&horaAtual=2024-05-23T01:54:11.822-03:00 200 488.257 ms - -
[2024-05-23T01:54:14.706Z] GET /data?inicio=2024-05-20T03:00:00.000-03:00&fim=2024-05-21T01:53:54.000-03:00&horaAtual=2024-05-23T01:54:14.175-03:00 200 524.457 ms - -
[2024-05-23T01:54:16.714Z] GET /data?inicio=2024-05-20T03:00:00.000-03:00&fim=2024-05-21T01:53:54.000-03:00&horaAtual=2024-05-23T01:54:16.188-03:00 200 516.008 ms - -
[2024-05-23T01:54:35.878Z] GET /data?inicio=2024-05-20T03:00:00.000-03:00&fim=2024-05-21T01:53:54.000-03:00&horaAtual=2024-05-23T01:54:35.322-03:00 200 538.975 ms - -
[2024-05-23T01:54:50.044Z] GET /data?inicio=2024-05-20T03:00:00.000-03:00&fim=2024-05-21T01:53:54.000-03:00&horaAtual=2024-05-23T01:54:35.322-03:00 200 505.168 ms - -
[2024-05-23T01:54:50.564Z] GET /data?inicio=2024-05-20T03:00:00.000-03:00&fim=2024-05-21T01:53:54.000-03:00&horaAtual=2024-05-23T01:54:35.322-03:00 200 469.721 ms - -
[2024-05-23T01:55:13.781Z] GET /data?inicio=2024-05-20T03:00:00.000-03:00&fim=2024-05-21T01:53:54.000-03:00&horaAtual=2024-05-23T01:54:35.322-03:00 200 542.160 ms - -
[2024-05-23T01:56:49.637Z] GET /data?inicio=2024-05-20T03:00:00.000-03:00&fim=2024-05-21T02:59:59.000-03:00&horaAtual=2024-05-23T01:54:35.322-03:00 200 621.671 ms - -
[2024-05-23T01:57:13.791Z] GET /data?inicio=2024-05-20T03:00:00.000-03:00&fim=2024-05-21T01:53:54.000-03:00&horaAtual=2024-05-23T01:54:35.322-03:00 304 557.727 ms - -
[2024-05-23T01:57:23.281Z] GET /data?inicio=2024-05-20T03:00:00.000-03:00&fim=2024-05-21T01:53:54.000-03:00 200 575.273 ms - -
[2024-05-23T01:58:00.136Z] GET /data?inicio=2024-05-20T03:00:00.000-03:00&fim=2024-05-21T02:59:59.000-03:00 200 624.561 ms - -
[2024-05-23T01:58:41.666Z] GET /data?inicio=2024-05-20T03:00:00.000-03:00&fim=2024-05-21T01:53:54.000-03:00&horaAtual=2024-05-23T01:58:41.108-03:00 200 544.021 ms - -
[2024-05-23T01:59:24.517Z] GET /listservers?dataInicio=2024-05-21&dataFim=2024-05-21 200 553.856 ms - -
[2024-05-23T02:00:23.704Z] GET /listservers?dataInicio=2024-05-21&dataFim=2024-05-21 200 825.779 ms - -
[2024-05-23T02:00:37.810Z] GET /listservers?dataInicio=2024-05-21&dataFim=2024-05-21 200 445.895 ms - -
[2024-05-23T02:01:06.452Z] GET /listservers?dataInicio=2024-05-20T03:00:00.000-03:00&dataFim=2024-05-22T00:49:41.000-03:00&horaAtual=2024-05-23T02:01:05.920-03:00 200 520.003 ms - -
[2024-05-23T02:01:08.500Z] GET /listservers?dataInicio=2024-05-20T03:00:00.000-03:00&dataFim=2024-05-21T00:49:41.000-03:00&horaAtual=2024-05-23T02:01:08.070-03:00 200 420.544 ms - -
[2024-05-23T02:01:35.923Z] GET /listservers?dataInicio=2024-05-20T&dataFim=2024-05-21T&horaAtual=2024-05-23T 200 581.522 ms - 2
[2024-05-23T02:01:40.668Z] GET /listservers?dataInicio=2024-05-22T&dataFim=2024-05-21T&horaAtual=2024-05-23T 200 507.903 ms - 2
[2024-05-23T02:01:44.571Z] GET /listservers?dataInicio=2024-05-20T&dataFim=2024-05-21T&horaAtual=2024-05-23T 304 535.243 ms - -
[2024-05-23T02:01:45.767Z] GET /listservers?dataInicio=2024-05-20T&dataFim=2024-05-22T&horaAtual=2024-05-23T 200 506.487 ms - 2
[2024-05-23T02:01:54.737Z] GET /listservers?dataInicio=2024-05-20T&dataFim=2024-05-22T&horaAtual=2024-05-23T 304 1227.073 ms - -
[2024-05-23T02:02:16.822Z] GET /listservers?dataInicio=2024-05-20T03:00:00.000-03:00&dataFim=2024-05-22T00:49:41.000-03:00&horaAtual=2024-05-23T02:02:16.153-03:00 200 649.019 ms - -
[2024-05-23T02:04:34.972Z] GET /data?inicio=2024-05-20T03:00:00.000-03:00&fim=2024-05-21T02:59:59.999-03:00&horaAtual=2024-05-23T02:04:34.268-03:00 200 692.154 ms - -
[2024-05-23T02:04:38.740Z] GET /data?inicio=2024-05-20T03:00:00.000-03:00&fim=2024-05-21T02:59:59.999-03:00&horaAtual=2024-05-23T02:04:38.203-03:00 200 527.688 ms - -
[2024-05-23T02:04:47.795Z] GET /data?inicio=2024-05-21T03:00:00.000-03:00&fim=2024-05-21T02:59:59.999-03:00&horaAtual=2024-05-23T02:04:47.197-03:00 200 586.999 ms - -
[2024-05-23T02:04:50.514Z] GET /data?inicio=2024-05-21T03:00:00.000-03:00&fim=2024-05-22T02:59:59.999-03:00&horaAtual=2024-05-23T02:04:49.931-03:00 200 574.819 ms - -
[2024-05-23T02:05:01.142Z] GET /data?inicio=2024-05-21T03:00:00.000-03:00&fim=2024-05-22T02:59:59.999-03:00&horaAtual=2024-05-23T02:05:00.391-03:00 200 725.338 ms - -
[2024-05-23T02:05:37.986Z] GET /data?inicio=2024-05-21T03:00:00.000-03:00&fim=2024-05-22T02:59:59.999-03:00&horaAtual=2024-05-23T02:05:00.391-03:00 304 542.967 ms - -
[2024-05-23T02:05:52.566Z] GET /data?inicio=2024-05-21T03:00:00.000-03:00&fim=2024-05-21T02:59:59.999-03:00&horaAtual=2024-05-23T02:05:00.391-03:00 200 512.769 ms - -
[2024-05-23T02:08:12.802Z] GET /data?inicio=2024-05-21T03:00:00.000Z&fim=2024-05-22T02:59:59.999Z&horaAtual=2024-05-23T02:08:12.193Z 200 592.511 ms - -
[2024-05-23T02:08:13.315Z] GET /averages 200 509.243 ms - 87
[2024-05-23T02:08:13.320Z] GET /data?inicio=2024-05-22T03:00:00.000Z&fim=2024-05-23T02:59:59.999Z&horaAtual=2024-05-23T02:08:12.669Z 200 509.728 ms - -
[2024-05-23T02:08:13.766Z] GET /averages 304 441.022 ms - -
[2024-05-23T02:08:13.767Z] GET /data?inicio=2024-05-22T03:00:00.000Z&fim=2024-05-23T02:59:59.999Z&horaAtual=2024-05-23T02:08:12.667Z 200 959.047 ms - -
[2024-05-23T02:08:17.538Z] GET /data?inicio=2024-05-21T03:00:00.000Z&fim=2024-05-23T02:59:59.999Z&horaAtual=2024-05-23T02:08:17.021Z 200 508.253 ms - -
[2024-05-23T02:08:19.106Z] GET /data?inicio=2024-05-21T03:00:00.000Z&fim=2024-05-22T02:59:59.999Z&horaAtual=2024-05-23T02:08:18.577Z 200 523.227 ms - -
[2024-05-23T02:08:31.876Z] GET /data?inicio=2024-05-20T03:00:00.000Z&fim=2024-05-22T02:59:59.999Z&horaAtual=2024-05-23T02:08:31.336Z 200 525.386 ms - -
[2024-05-23T02:08:33.070Z] GET /data?inicio=2024-05-20T03:00:00.000Z&fim=2024-05-21T02:59:59.999Z&horaAtual=2024-05-23T02:08:32.581Z 200 479.173 ms - -
[2024-05-23T02:10:18.397Z] GET /listservers?dataInicio=2024-05-22T03:00:00.000Z&dataFim=2024-05-23T02:59:59.999Z&horaAtual=2024-05-23T02:10:17.695-03:00 200 650.999 ms - -
[2024-05-23T02:10:18.984Z] GET /listservers?dataInicio=2024-05-22T03:00:00.000Z&dataFim=2024-05-23T02:59:59.999Z&horaAtual=2024-05-23T02:10:17.695-03:00 304 574.567 ms - -
[2024-05-23T02:10:55.318Z] GET /listservers?dataInicio=2024-05-22T03:00:00.000Z&dataFim=2024-05-23T02:59:59.999Z&horaAtual=2024-05-23T02:10:54.819-03:00 200 485.198 ms - -
[2024-05-23T02:11:05.705Z] GET /listservers?dataInicio=2024-05-22T03:00:00.000Z&dataFim=2024-05-23T02:59:59.999Z&horaAtual=2024-05-23T02:11:05.206-03:00 200 486.498 ms - -
[2024-05-23T02:11:13.343Z] GET /listservers?dataInicio=2024-05-22T03:00:00.000Z&dataFim=2024-05-23T02:59:59.999Z&horaAtual=2024-05-23T02:11:12.848-03:00 200 486.723 ms - -
[2024-05-23T02:11:17.552Z] GET /listservers?dataInicio=2024-05-21T03:00:00.000Z&dataFim=2024-05-23T02:59:59.999Z&horaAtual=2024-05-23T02:11:17.051-03:00 200 491.590 ms - -
[2024-05-23T02:11:19.022Z] GET /listservers?dataInicio=2024-05-21T03:00:00.000Z&dataFim=2024-05-22T02:59:59.999Z&horaAtual=2024-05-23T02:11:18.573-03:00 200 439.654 ms - -
[2024-05-23T02:11:26.135Z] GET /listservers?dataInicio=2024-05-21T03:00:00.000Z&dataFim=2024-05-22T02:59:59.999Z&horaAtual=2024-05-23T02:11:25.577-03:00 200 550.761 ms - -
[2024-05-23T02:11:28.771Z] GET /data?inicio=2024-05-21T03:00:00.000Z&fim=2024-05-22T02:59:59.999Z&horaAtual=2024-05-23T02:11:28.210Z 200 549.038 ms - -
[2024-05-23T02:11:31.186Z] GET /listservers?dataInicio=2024-05-21T03:00:00.000Z&dataFim=2024-05-22T02:59:59.999Z&horaAtual=2024-05-23T02:11:30.681-03:00 200 498.653 ms - -
[2024-05-23T12:54:29.668Z] Conexão ao banco de dados estabelecida
[2024-05-23T12:54:34.770Z] GET /listservers?dataInicio=2024-05-21T03:00:00.000Z&dataFim=2024-05-22T02:59:59.999Z&horaAtual=2024-05-23T12:54:34.124-03:00 200 612.019 ms - -
[2024-05-23T12:54:39.296Z] GET /listservers?dataInicio=2024-05-23T03:00:00.000Z&dataFim=2024-05-24T02:59:59.999Z&horaAtual=2024-05-23T12:54:38.719-03:00 200 555.894 ms - -
[2024-05-23T12:54:39.720Z] GET /listservers?dataInicio=2024-05-23T03:00:00.000Z&dataFim=2024-05-24T02:59:59.999Z&horaAtual=2024-05-23T12:54:38.725-03:00 200 984.320 ms - -
[2024-05-23T23:50:57.456Z] Conexão ao banco de dados estabelecida
[2024-05-23T23:51:14.231Z] GET /averages 200 137.536 ms - 87
[2024-05-23T23:51:15.255Z] GET /data?inicio=2024-05-23T03:00:00.000Z&fim=2024-05-24T02:59:59.999Z&horaAtual=2024-05-23T23:51:13.992Z 200 1058.515 ms - -
[2024-05-23T23:51:15.563Z] GET /averages 304 1311.973 ms - -
[2024-05-23T23:51:15.566Z] GET /data?inicio=2024-05-23T03:00:00.000Z&fim=2024-05-24T02:59:59.999Z&horaAtual=2024-05-23T23:51:13.995Z 200 1445.206 ms - -
[2024-05-23T23:51:17.062Z] GET /listservers?dataInicio=2024-05-23T03:00:00.000Z&dataFim=2024-05-24T02:59:59.999Z&horaAtual=2024-05-23T23:51:16.587-03:00 200 421.118 ms - -
[2024-05-23T23:51:17.327Z] GET /listservers?dataInicio=2024-05-23T03:00:00.000Z&dataFim=2024-05-24T02:59:59.999Z&horaAtual=2024-05-23T23:51:16.588-03:00 200 695.098 ms - -
[2024-05-23T23:51:29.225Z] GET /listservers?dataInicio=2024-05-23T03:00:00.000Z&dataFim=2024-05-24T02:59:59.999Z&horaAtual=2024-05-23T23:51:28.770-03:00 200 418.843 ms - -
[2024-05-23T23:51:29.512Z] GET /listservers?dataInicio=2024-05-23T03:00:00.000Z&dataFim=2024-05-24T02:59:59.999Z&horaAtual=2024-05-23T23:51:28.767-03:00 200 716.410 ms - -
[2024-05-23T23:53:08.846Z] GET /listservers?dataInicio=2024-05-23T03:00:00.000Z&dataFim=2024-05-24T02:59:59.999Z&horaAtual=2024-05-23T23:53:08.411-03:00 200 422.721 ms - -
[2024-05-23T23:55:39.875Z] GET /listservers?dataInicio=2024-05-23T03:00:00.000Z&dataFim=2024-05-24T02:59:59.999Z&horaAtual=2024-05-23T23:55:39.404-03:00 200 462.509 ms - -
[2024-05-23T23:57:20.633Z] GET /listservers?dataInicio=2024-05-23T03:00:00.000Z&dataFim=2024-05-24T02:59:59.999Z&horaAtual=2024-05-23T23:57:20.156-03:00 200 468.055 ms - -
[2024-05-23T23:58:09.267Z] GET /listservers?dataInicio=2024-05-23T03:00:00.000Z&dataFim=2024-05-24T02:59:59.999Z&horaAtual=2024-05-23T23:58:08.851-03:00 200 400.906 ms - -
[2024-05-23T23:58:26.557Z] GET /listservers?dataInicio=2024-05-23T03:00:00.000Z&dataFim=2024-05-24T02:59:59.999Z&horaAtual=2024-05-23T23:58:26.113-03:00 200 433.074 ms - -
[2024-05-23T23:58:31.473Z] GET /listservers?dataInicio=2024-05-23T03:00:00.000Z&dataFim=2024-05-24T02:59:59.999Z&horaAtual=2024-05-23T23:58:30.957-03:00 200 467.667 ms - -
[2024-05-23T23:58:31.761Z] GET /listservers?dataInicio=2024-05-23T03:00:00.000Z&dataFim=2024-05-24T02:59:59.999Z&horaAtual=2024-05-23T23:58:30.960-03:00 200 746.672 ms - -
[2024-05-23T23:58:56.969Z] GET /listservers?dataInicio=2024-05-23T03:00:00.000Z&dataFim=2024-05-24T02:59:59.999Z&horaAtual=2024-05-23T23:58:56.551-03:00 200 403.817 ms - -
[2024-05-23T23:59:15.326Z] GET /listservers?dataInicio=2024-05-23T03:00:00.000Z&dataFim=2024-05-24T02:59:59.999Z&horaAtual=2024-05-23T23:59:14.830-03:00 200 483.956 ms - -
[2024-05-24T00:00:20.320Z] GET /listservers?dataInicio=2024-05-23T03:00:00.000Z&dataFim=2024-05-24T02:59:59.999Z&horaAtual=2024-05-24T00:00:19.764-03:00 200 532.874 ms - -
[2024-05-24T00:00:32.080Z] GET /listservers?dataInicio=2024-05-23T03:00:00.000Z&dataFim=2024-05-24T02:59:59.999Z&horaAtual=2024-05-24T00:00:31.375-03:00 200 695.591 ms - -
[2024-05-24T00:00:39.750Z] GET /listservers?dataInicio=2024-05-23T03:00:00.000Z&dataFim=2024-05-24T02:59:59.999Z&horaAtual=2024-05-24T00:00:38.344-03:00 200 1397.924 ms - -
[2024-05-24T00:00:49.665Z] GET /listservers?dataInicio=2024-05-23T03:00:00.000Z&dataFim=2024-05-24T02:59:59.999Z&horaAtual=2024-05-24T00:00:49.066-03:00 200 583.461 ms - -
[2024-05-24T00:00:52.823Z] GET /listservers?dataInicio=2024-05-23T03:00:00.000Z&dataFim=2024-05-24T02:59:59.999Z&horaAtual=2024-05-24T00:00:52.152-03:00 200 662.836 ms - -
[2024-05-24T00:01:11.184Z] GET /listservers?dataInicio=2024-05-23T03:00:00.000Z&dataFim=2024-05-24T02:59:59.999Z&horaAtual=2024-05-24T00:01:10.674-03:00 200 492.192 ms - -
[2024-05-24T00:01:15.890Z] GET /listservers?dataInicio=2024-05-23T03:00:00.000Z&dataFim=2024-05-24T02:59:59.999Z&horaAtual=2024-05-24T00:01:15.421-03:00 200 461.793 ms - -
[2024-05-24T00:01:20.034Z] GET /listservers?dataInicio=2024-05-23T03:00:00.000Z&dataFim=2024-05-24T02:59:59.999Z&horaAtual=2024-05-24T00:01:19.533-03:00 200 491.750 ms - -
[2024-05-24T00:02:09.044Z] GET /listservers?dataInicio=2024-05-23T03:00:00.000Z&dataFim=2024-05-24T02:59:59.999Z&horaAtual=2024-05-24T00:02:08.554-03:00 200 470.999 ms - -
[2024-05-24T00:02:30.876Z] GET /listservers?dataInicio=2024-05-23T03:00:00.000Z&dataFim=2024-05-24T02:59:59.999Z&horaAtual=2024-05-24T00:02:30.385-03:00 200 469.291 ms - -
[2024-05-24T00:02:37.117Z] GET /listservers?dataInicio=2024-05-23T03:00:00.000Z&dataFim=2024-05-24T02:59:59.999Z&horaAtual=2024-05-24T00:02:36.529-03:00 200 575.777 ms - -
[2024-05-24T00:02:54.733Z] GET /listservers?dataInicio=2024-05-23T03:00:00.000Z&dataFim=2024-05-24T02:59:59.999Z&horaAtual=2024-05-24T00:02:54.195-03:00 200 519.598 ms - -
[2024-05-24T13:25:54.056Z] Conexão ao banco de dados estabelecida
[2024-05-24T13:26:00.299Z] GET /listservers?dataInicio=2024-05-24T03:00:00.000Z&dataFim=2024-05-25T02:59:59.999Z&horaAtual=2024-05-24T13:25:59.442-03:00 200 803.040 ms - -
[2024-05-24T13:26:01.046Z] GET /listservers?dataInicio=2024-05-24T03:00:00.000Z&dataFim=2024-05-25T02:59:59.999Z&horaAtual=2024-05-24T13:25:59.445-03:00 200 1556.001 ms - -
[2024-05-24T13:45:56.866Z] GET /listservers?dataInicio=2024-05-24T03:00:00.000Z&dataFim=2024-05-25T02:59:59.999Z&horaAtual=2024-05-24T13:45:56.189-03:00 200 649.842 ms - -
[2024-05-24T13:46:14.809Z] GET /listservers?dataInicio=2024-05-24T03:00:00.000Z&dataFim=2024-05-25T02:59:59.999Z&horaAtual=2024-05-24T13:46:14.187-03:00 200 609.062 ms - -
[2024-05-24T13:46:22.411Z] GET /listservers?dataInicio=2024-05-24T03:00:00.000Z&dataFim=2024-05-25T02:59:59.999Z&horaAtual=2024-05-24T13:46:21.961-03:00 200 441.018 ms - -
[2024-05-24T13:46:26.951Z] GET /listservers?dataInicio=2024-05-24T03:00:00.000Z&dataFim=2024-05-25T02:59:59.999Z&horaAtual=2024-05-24T13:46:26.384-03:00 200 559.493 ms - -
[2024-05-24T13:46:33.234Z] GET /listservers?dataInicio=2024-05-24T03:00:00.000Z&dataFim=2024-05-25T02:59:59.999Z&horaAtual=2024-05-24T13:46:32.637-03:00 200 575.764 ms - -
[2024-05-24T13:46:39.412Z] GET /listservers?dataInicio=2024-05-24T03:00:00.000Z&dataFim=2024-05-25T02:59:59.999Z&horaAtual=2024-05-24T13:46:38.940-03:00 200 463.103 ms - -
[2024-05-24T13:46:42.672Z] GET /listservers?dataInicio=2024-05-24T03:00:00.000Z&dataFim=2024-05-25T02:59:59.999Z&horaAtual=2024-05-24T13:46:42.209-03:00 200 454.503 ms - -
[2024-05-24T13:46:45.831Z] GET /listservers?dataInicio=2024-05-24T03:00:00.000Z&dataFim=2024-05-25T02:59:59.999Z&horaAtual=2024-05-24T13:46:45.372-03:00 200 447.900 ms - -
[2024-05-24T13:46:48.427Z] GET /listservers?dataInicio=2024-05-24T03:00:00.000Z&dataFim=2024-05-25T02:59:59.999Z&horaAtual=2024-05-24T13:46:47.922-03:00 200 496.918 ms - -
[2024-05-24T13:46:51.169Z] GET /listservers?dataInicio=2024-05-24T03:00:00.000Z&dataFim=2024-05-25T02:59:59.999Z&horaAtual=2024-05-24T13:46:50.585-03:00 200 536.651 ms - -
[2024-05-24T13:46:53.460Z] GET /listservers?dataInicio=2024-05-24T03:00:00.000Z&dataFim=2024-05-25T02:59:59.999Z&horaAtual=2024-05-24T13:46:52.832-03:00 200 618.865 ms - -
[2024-05-24T13:46:57.937Z] GET /listservers?dataInicio=2024-05-24T03:00:00.000Z&dataFim=2024-05-25T02:59:59.999Z&horaAtual=2024-05-24T13:46:57.454-03:00 200 476.048 ms - -
[2024-05-24T13:47:01.492Z] GET /listservers?dataInicio=2024-05-24T03:00:00.000Z&dataFim=2024-05-25T02:59:59.999Z&horaAtual=2024-05-24T13:47:00.986-03:00 200 498.251 ms - -
[2024-05-24T13:47:15.073Z] GET /listservers?dataInicio=2024-05-24T03:00:00.000Z&dataFim=2024-05-25T02:59:59.999Z&horaAtual=2024-05-24T13:47:14.605-03:00 200 456.053 ms - -
[2024-05-24T13:47:19.385Z] GET /listservers?dataInicio=2024-05-24T03:00:00.000Z&dataFim=2024-05-25T02:59:59.999Z&horaAtual=2024-05-24T13:47:18.911-03:00 200 465.462 ms - -
[2024-05-24T13:47:23.206Z] GET /listservers?dataInicio=2024-05-24T03:00:00.000Z&dataFim=2024-05-25T02:59:59.999Z&horaAtual=2024-05-24T13:47:22.655-03:00 200 542.354 ms - -
[2024-05-24T13:47:37.479Z] GET /listservers?dataInicio=2024-05-24T03:00:00.000Z&dataFim=2024-05-25T02:59:59.999Z&horaAtual=2024-05-24T13:47:36.927-03:00 200 539.139 ms - -
[2024-05-24T13:48:55.721Z] GET /listservers?dataInicio=2024-05-24T03:00:00.000Z&dataFim=2024-05-25T02:59:59.999Z&horaAtual=2024-05-24T13:48:55.141-03:00 200 565.758 ms - -
[2024-05-24T13:48:59.559Z] GET /listservers?dataInicio=2024-05-24T03:00:00.000Z&dataFim=2024-05-25T02:59:59.999Z&horaAtual=2024-05-24T13:48:58.489-03:00 200 908.716 ms - -
[2024-05-24T13:48:59.928Z] GET /listservers?dataInicio=2024-05-24T03:00:00.000Z&dataFim=2024-05-25T02:59:59.999Z&horaAtual=2024-05-24T13:48:58.494-03:00 200 1304.301 ms - -
[2024-05-24T13:49:11.098Z] GET /listservers?dataInicio=2024-05-24T03:00:00.000Z&dataFim=2024-05-25T02:59:59.999Z&horaAtual=2024-05-24T13:49:10.237-03:00 200 730.430 ms - -
[2024-05-24T13:49:11.500Z] GET /listservers?dataInicio=2024-05-24T03:00:00.000Z&dataFim=2024-05-25T02:59:59.999Z&horaAtual=2024-05-24T13:49:10.243-03:00 200 1181.121 ms - -
[2024-05-24T13:49:17.876Z] GET /listservers?dataInicio=2024-05-24T03:00:00.000Z&dataFim=2024-05-25T02:59:59.999Z&horaAtual=2024-05-24T13:49:17.311-03:00 200 555.954 ms - -
[2024-05-24T13:49:20.785Z] GET /listservers?dataInicio=2024-05-24T03:00:00.000Z&dataFim=2024-05-25T02:59:59.999Z&horaAtual=2024-05-24T13:49:19.975-03:00 200 686.027 ms - -
[2024-05-24T13:49:21.337Z] GET /listservers?dataInicio=2024-05-24T03:00:00.000Z&dataFim=2024-05-25T02:59:59.999Z&horaAtual=2024-05-24T13:49:19.979-03:00 200 1216.533 ms - -
[2024-05-24T13:49:51.350Z] GET /listservers?dataInicio=2024-05-24T03:00:00.000Z&dataFim=2024-05-25T02:59:59.999Z&horaAtual=2024-05-24T13:49:50.708-03:00 200 619.246 ms - -
[2024-05-24T13:49:56.602Z] GET /listservers?dataInicio=2024-05-24T03:00:00.000Z&dataFim=2024-05-25T02:59:59.999Z&horaAtual=2024-05-24T13:49:56.140-03:00 200 451.186 ms - -
[2024-05-24T13:50:06.302Z] GET /listservers?dataInicio=2024-05-24T03:00:00.000Z&dataFim=2024-05-25T02:59:59.999Z&horaAtual=2024-05-24T13:50:04.128-03:00 200 2088.661 ms - -
[2024-05-24T13:50:07.236Z] GET /listservers?dataInicio=2024-05-24T03:00:00.000Z&dataFim=2024-05-25T02:59:59.999Z&horaAtual=2024-05-24T13:50:04.134-03:00 200 3026.688 ms - -
[2024-05-24T13:50:15.490Z] GET /listservers?dataInicio=2024-05-24T03:00:00.000Z&dataFim=2024-05-25T02:59:59.999Z&horaAtual=2024-05-24T13:50:14.416-03:00 200 1054.278 ms - -
[2024-05-24T13:50:18.380Z] GET /listservers?dataInicio=2024-05-24T03:00:00.000Z&dataFim=2024-05-25T02:59:59.999Z&horaAtual=2024-05-24T13:50:17.397-03:00 200 923.446 ms - -
[2024-05-24T13:50:19.313Z] GET /listservers?dataInicio=2024-05-24T03:00:00.000Z&dataFim=2024-05-25T02:59:59.999Z&horaAtual=2024-05-24T13:50:17.402-03:00 200 1839.093 ms - -
[2024-05-24T13:50:40.732Z] GET /listservers?dataInicio=2024-05-24T03:00:00.000Z&dataFim=2024-05-25T02:59:59.999Z&horaAtual=2024-05-24T13:50:40.246-03:00 200 477.026 ms - -
[2024-05-24T13:50:45.598Z] GET /listservers?dataInicio=2024-05-22T03:00:00.000Z&dataFim=2024-05-24T02:59:59.999Z&horaAtual=2024-05-24T13:50:45.145-03:00 200 443.760 ms - -
[2024-05-24T13:50:47.693Z] GET /listservers?dataInicio=2024-05-22T03:00:00.000Z&dataFim=2024-05-25T02:59:59.999Z&horaAtual=2024-05-24T13:50:47.218-03:00 200 467.555 ms - -
[2024-05-24T13:50:53.969Z] GET /listservers?dataInicio=2024-05-22T03:00:00.000Z&dataFim=2024-05-25T02:59:59.999Z&horaAtual=2024-05-24T13:50:53.493-03:00 200 466.546 ms - -
[2024-05-24T13:52:53.646Z] GET /listservers?dataInicio=2024-05-22T03:00:00.000Z&dataFim=2024-05-25T02:59:59.999Z&horaAtual=2024-05-24T13:52:53.135-03:00 200 502.508 ms - -
[2024-05-24T13:53:00.774Z] GET /listservers?dataInicio=2024-05-22T03:00:00.000Z&dataFim=2024-05-25T02:59:59.999Z&horaAtual=2024-05-24T13:53:00.125-03:00 200 639.195 ms - -
[2024-05-24T13:53:08.930Z] GET /listservers?dataInicio=2024-05-22T03:00:00.000Z&dataFim=2024-05-25T02:59:59.999Z&horaAtual=2024-05-24T13:53:08.391-03:00 200 528.270 ms - -
[2024-05-24T13:53:12.233Z] GET /listservers?dataInicio=2024-05-24T03:00:00.000Z&dataFim=2024-05-25T02:59:59.999Z&horaAtual=2024-05-24T13:53:11.465-03:00 200 674.175 ms - -
[2024-05-24T13:53:12.653Z] GET /listservers?dataInicio=2024-05-24T03:00:00.000Z&dataFim=2024-05-25T02:59:59.999Z&horaAtual=2024-05-24T13:53:11.471-03:00 200 696.473 ms - -
[2024-05-24T13:53:18.096Z] GET /listservers?dataInicio=2024-05-24T03:00:00.000Z&dataFim=2024-05-25T02:59:59.999Z&horaAtual=2024-05-24T13:53:17.409-03:00 200 610.458 ms - -
[2024-05-24T13:53:18.561Z] GET /listservers?dataInicio=2024-05-24T03:00:00.000Z&dataFim=2024-05-25T02:59:59.999Z&horaAtual=2024-05-24T13:53:17.420-03:00 200 1081.609 ms - -
[2024-05-24T13:53:56.492Z] GET /listservers?dataInicio=2024-05-24T03:00:00.000Z&dataFim=2024-05-25T02:59:59.999Z&horaAtual=2024-05-24T13:53:55.944-03:00 200 532.683 ms - -
[2024-05-24T13:53:59.032Z] GET /listservers?dataInicio=2024-05-24T03:00:00.000Z&dataFim=2024-05-25T02:59:59.999Z&horaAtual=2024-05-24T13:53:58.505-03:00 200 517.263 ms - -
[2024-05-24T13:54:22.045Z] GET /listservers?dataInicio=2024-05-24T03:00:00.000Z&dataFim=2024-05-25T02:59:59.999Z&horaAtual=2024-05-24T13:54:21.465-03:00 200 563.982 ms - -
[2024-05-24T13:54:28.938Z] GET /listservers?dataInicio=2024-05-24T03:00:00.000Z&dataFim=2024-05-25T02:59:59.999Z&horaAtual=2024-05-24T13:54:28.037-03:00 200 807.366 ms - -
[2024-05-24T13:54:29.443Z] GET /listservers?dataInicio=2024-05-24T03:00:00.000Z&dataFim=2024-05-25T02:59:59.999Z&horaAtual=2024-05-24T13:54:28.046-03:00 200 1331.427 ms - -
[2024-05-24T13:54:32.376Z] GET /listservers?dataInicio=2024-05-24T03:00:00.000Z&dataFim=2024-05-25T02:59:59.999Z&horaAtual=2024-05-24T13:54:31.749-03:00 200 614.556 ms - -
[2024-05-24T13:54:35.558Z] GET /listservers?dataInicio=2024-05-24T03:00:00.000Z&dataFim=2024-05-25T02:59:59.999Z&horaAtual=2024-05-24T13:54:34.591-03:00 200 758.117 ms - -
[2024-05-24T13:54:36.031Z] GET /listservers?dataInicio=2024-05-24T03:00:00.000Z&dataFim=2024-05-25T02:59:59.999Z&horaAtual=2024-05-24T13:54:34.602-03:00 200 1257.508 ms - -
[2024-05-24T13:58:52.057Z] Conexão ao banco de dados estabelecida
